Copyright 1986-2018 Xilinx, Inc. All Rights Reserved.
-------------------------------------------------------------------------------------------------------------------------------------------------------------------------------------------
| Tool Version     : Vivado v.2018.1 (win64) Build 2188600 Wed Apr  4 18:40:38 MDT 2018
| Date             : Sun May 27 23:03:24 2018
| Host             : DESKTOP-PDSJ08J running 64-bit major release  (build 9200)
| Command          : report_power -file Single_Cycle_CPU_Basys3_power_routed.rpt -pb Single_Cycle_CPU_Basys3_power_summary_routed.pb -rpx Single_Cycle_CPU_Basys3_power_routed.rpx
| Design           : Single_Cycle_CPU_Basys3
| Device           : xc7a35tcpg236-1
| Design State     : routed
| Grade            : commercial
| Process          : typical
| Characterization : Production
-------------------------------------------------------------------------------------------------------------------------------------------------------------------------------------------

Power Report

Table of Contents
-----------------
1. Summary
1.1 On-Chip Components
1.2 Power Supply Summary
1.3 Confidence Level
2. Settings
2.1 Environment
2.2 Clock Constraints
3. Detailed Reports
3.1 By Hierarchy

1. Summary
----------

+--------------------------+----------------------------------+
| Total On-Chip Power (W)  | 81.431 (Junction temp exceeded!) |
| Design Power Budget (W)  | Unspecified*                     |
| Power Budget Margin (W)  | NA                               |
| Dynamic (W)              | 80.945                           |
| Device Static (W)        | 0.486                            |
| Effective TJA (C/W)      | 5.0                              |
| Max Ambient (C)          | 0.0                              |
| Junction Temperature (C) | 125.0                            |
| Confidence Level         | Low                              |
| Setting File             | ---                              |
| Simulation Activity File | ---                              |
| Design Nets Matched      | NA                               |
+--------------------------+----------------------------------+
* Specify Design Power Budget using, set_operating_conditions -design_power_budget <value in Watts>


1.1 On-Chip Components
----------------------

+--------------------------+-----------+----------+-----------+-----------------+
| On-Chip                  | Power (W) | Used     | Available | Utilization (%) |
+--------------------------+-----------+----------+-----------+-----------------+
| Slice Logic              |    29.866 |     4111 |       --- |             --- |
|   LUT as Logic           |    28.016 |     2021 |     20800 |            9.72 |
|   F7/F8 Muxes            |     0.988 |      460 |     32600 |            1.41 |
|   LUT as Distributed RAM |     0.705 |       48 |      9600 |            0.50 |
|   CARRY4                 |     0.105 |       30 |      8150 |            0.37 |
|   Register               |     0.034 |     1083 |     41600 |            2.60 |
|   BUFG                   |     0.017 |        3 |        32 |            9.38 |
|   Others                 |     0.000 |       12 |       --- |             --- |
| Signals                  |    35.024 |     2933 |       --- |             --- |
| I/O                      |    16.055 |       16 |       106 |           15.09 |
| Static Power             |     0.486 |          |           |                 |
| Total                    |    81.431 |          |           |                 |
+--------------------------+-----------+----------+-----------+-----------------+


1.2 Power Supply Summary
------------------------

+-----------+-------------+-----------+-------------+------------+
| Source    | Voltage (V) | Total (A) | Dynamic (A) | Static (A) |
+-----------+-------------+-----------+-------------+------------+
| Vccint    |       1.000 |    65.247 |      64.906 |      0.341 |
| Vccaux    |       1.800 |     0.641 |       0.588 |      0.053 |
| Vcco33    |       3.300 |     4.541 |       4.540 |      0.001 |
| Vcco25    |       2.500 |     0.000 |       0.000 |      0.000 |
| Vcco18    |       1.800 |     0.000 |       0.000 |      0.000 |
| Vcco15    |       1.500 |     0.000 |       0.000 |      0.000 |
| Vcco135   |       1.350 |     0.000 |       0.000 |      0.000 |
| Vcco12    |       1.200 |     0.000 |       0.000 |      0.000 |
| Vccaux_io |       1.800 |     0.000 |       0.000 |      0.000 |
| Vccbram   |       1.000 |     0.010 |       0.000 |      0.010 |
| MGTAVcc   |       1.000 |     0.000 |       0.000 |      0.000 |
| MGTAVtt   |       1.200 |     0.000 |       0.000 |      0.000 |
| Vccadc    |       1.800 |     0.020 |       0.000 |      0.020 |
+-----------+-------------+-----------+-------------+------------+


1.3 Confidence Level
--------------------

+-----------------------------+------------+--------------------------------------------------------+--------------------------------------------------------------------------------------------------------------------+
| User Input Data             | Confidence | Details                                                | Action                                                                                                             |
+-----------------------------+------------+--------------------------------------------------------+--------------------------------------------------------------------------------------------------------------------+
| Design implementation state | High       | Design is routed                                       |                                                                                                                    |
| Clock nodes activity        | Low        | User specified less than 75% of clocks                 | Provide missing clock activity with a constraint file, simulation results or by editing the "By Clock Domain" view |
| I/O nodes activity          | Low        | More than 75% of inputs are missing user specification | Provide missing input activity with simulation results or by editing the "By Resource Type -> I/Os" view           |
| Internal nodes activity     | Medium     | User specified less than 25% of internal nodes         | Provide missing internal nodes activity with simulation results or by editing the "By Resource Type" views         |
| Device models               | High       | Device models are Production                           |                                                                                                                    |
|                             |            |                                                        |                                                                                                                    |
| Overall confidence level    | Low        |                                                        |                                                                                                                    |
+-----------------------------+------------+--------------------------------------------------------+--------------------------------------------------------------------------------------------------------------------+


2. Settings
-----------

2.1 Environment
---------------

+-----------------------+--------------------------+
| Ambient Temp (C)      | 25.0                     |
| ThetaJA (C/W)         | 5.0                      |
| Airflow (LFM)         | 250                      |
| Heat Sink             | medium (Medium Profile)  |
| ThetaSA (C/W)         | 4.6                      |
| Board Selection       | medium (10"x10")         |
| # of Board Layers     | 12to15 (12 to 15 Layers) |
| Board Temperature (C) | 25.0                     |
+-----------------------+--------------------------+


2.2 Clock Constraints
---------------------

+-------+--------+-----------------+
| Clock | Domain | Constraint (ns) |
+-------+--------+-----------------+


3. Detailed Reports
-------------------

3.1 By Hierarchy
----------------

+----------------------------+-----------+
| Name                       | Power (W) |
+----------------------------+-----------+
| Single_Cycle_CPU_Basys3    |    80.945 |
|   alu_ins                  |     0.265 |
|   clkdiv_ins               |     0.058 |
|   dm_ins                   |    23.622 |
|   keyclk_ins               |     0.005 |
|   led_ins                  |     0.297 |
|   pc_ins                   |    25.560 |
|   pc_source_ins            |     0.047 |
|   rf_ins                   |    14.853 |
|     Regs_reg_r1_0_31_0_5   |     0.138 |
|     Regs_reg_r1_0_31_12_17 |     0.143 |
|     Regs_reg_r1_0_31_18_23 |     0.138 |
|     Regs_reg_r1_0_31_24_29 |     0.141 |
|     Regs_reg_r1_0_31_30_31 |     0.055 |
|     Regs_reg_r1_0_31_6_11  |     0.151 |
|     Regs_reg_r2_0_31_0_5   |     0.416 |
|     Regs_reg_r2_0_31_12_17 |     0.377 |
|     Regs_reg_r2_0_31_18_23 |     0.414 |
|     Regs_reg_r2_0_31_24_29 |     0.665 |
|     Regs_reg_r2_0_31_30_31 |     0.228 |
|     Regs_reg_r2_0_31_6_11  |     0.355 |
+----------------------------+-----------+


